--> Input Filename: /Users/gjr/Documents/ss.md/ss.md
--> Modified path: /usr/local/bin:/opt/local/bin:/Users/gjr/.local/bin:/usr/bin:/bin:/usr/sbin:/sbin:/usr/local/bin:/Applications/Scrivener.app/Contents/Resources/MultiMarkdown/bin
--> CrossRef figure details: Label={#fig-elephant .column-body}  | We add the *cross-referencing label* to the **_start_** of the caption. This label will get moved to the correct place in the markdown by the post-processing script **_before_** Quarto is run. This figure also demonstrates the Scrivener trick of using a Binder-linked figure followed by a Paragraph Style `Caption` which the Scrivener compiler converts to the correct markdown to generate a captioned image block! | Elephant1
--> CrossRef figure details: Label={#fig-castle}  | Elephant castle. | Elephant2
--> CrossRef figure details: Label={#fig-trunk}  | Angry elephant with big trunk. | Elephant3
--> CrossRef figure details: Label={#fig-withattributes .myclass fig-align="right" width=3cm height=2cm}  |  This figure uses custom metadata values to identify the class, ID, width and height. The ««A​B»» tag at the start of the caption is replaced with the correct Scrivener placeholders by the compiler; see global replacements for the details… | Elephant3-1
--> CrossRef figure details: Label={#fig-elespan}  | This should span the whole page. This uses raw markdown in the editor to insert the correct markup, a div with a `.column-page` class, for Quarto's layout for extend-to-page-width. | Elephant1-1
--> CrossRef figure details: Label={#fig-elespan3   width= height=}  |  This should span the page to the right in HTML. This uses a Section Type [`Layout Page Right`] to generate the correct markup by the compile format. | Elephant1-2
--> CrossRef figure details: Label={#fig-castle2}  | Elephant. | Elephant2-1
--> CrossRef figure details: Label={#fig-trunk2}  | Angry elephant with big trunk. | Elephant3-2
--> CrossRef figure details: Label={#fig-alignright fig-align="right"}  | This should be right-aligned if there is space… | Elephant3-3
--> Modified File with fixed cross-references: /Users/gjr/Documents/ss.md/ss2.qmd
--> Parsing took: 0.004105s

--> Running Command: quarto render /Users/gjr/Documents/ss.md/ss2.qmd --to html --log-level=INFO --verbose
[31m

processing file: ss2.qmd
[39m1/11                   
2/11 [fig-airquality]  
3/11                   
4/11 [tbl-tableKable]  
5/11                   
6/11 [fig-graphviz]    
7/11                   
8/11 [fig-statemachine]
9/11                   
10/11 [unnamed-chunk-5] 
11/11                   
[31moutput file: ss2.knit.md

[39m[1mpandoc --verbose[22m
  to: html
  output-file: ss2.html
  standalone: true
  embed-resources: false
  section-divs: true
  html-math-method: mathjax
  wrap: none
  default-image-extension: png
  toc: true
  number-sections: true
  dpi: 300
  
[1mmetadata[22m
  document-css: false
  link-citations: true
  date-format: long
  lang: en
  title: quarto1
  subtitle: A Compiler Workflow…
  author:
    - name: Jane Doe
      email: jane@doe.org
      corresponding: true
      affiliations:
        - 'International Cephalopod Research Institute (ICRI), Pacific Ocean.'
        - 'Center for Advanced Octopod Studies (CAOS), Atlantic Ocean.'
    - name: John Doe
      email: john@doe.com
      affiliations:
        - 'Center for Advanced Octopod Studies (CAOS), Atlantic Ocean.'
  keywords:
    - pandoc
    - quarto
    - scrivener
  subject: workflow
  date: '2023-06-02'
  verbose: true
  crossref:
    labels: arabic
    subref-labels: alpha A
    chapters: true
  cap-location: bottom
  csl: /Users/gjr/.local/share/pandoc/csl/apa-ian.csl
  appendix-style: default
  theme: journal
  title-block-banner: '#BB3333'
  linestretch: 1.5
  mainfont: Alegreya
  monofont: Rec Mono Duotone
  header-includes:
    - |
      <style>
        p {text-align: justify;}
        tr.odd {background-color: #F1F1F1;}
        caption, figcaption, .column-margin p {font-family: Alegreya Sans, sans-serif !important; text-align: left !important;}
      </style>
  
[INFO] Loaded /var/folders/0g/1sx_nfl96lv2rysjj2ftvckm0000gn/T/quarto-sessionf0bd7e8c/a23dad61/d6eef711/template.patched from /var/folders/0g/1sx_nfl96lv2rysjj2ftvckm0000gn/T/quarto-sessionf0bd7e8c/a23dad61/d6eef711/template.patched
[INFO] Loaded /var/folders/0g/1sx_nfl96lv2rysjj2ftvckm0000gn/T/quarto-sessionf0bd7e8c/a23dad61/d6eef711/metadata.html from /var/folders/0g/1sx_nfl96lv2rysjj2ftvckm0000gn/T/quarto-sessionf0bd7e8c/a23dad61/d6eef711/metadata.html
[INFO] Loaded /var/folders/0g/1sx_nfl96lv2rysjj2ftvckm0000gn/T/quarto-sessionf0bd7e8c/a23dad61/d6eef711/styles.html from /var/folders/0g/1sx_nfl96lv2rysjj2ftvckm0000gn/T/quarto-sessionf0bd7e8c/a23dad61/d6eef711/styles.html
[INFO] Loaded /var/folders/0g/1sx_nfl96lv2rysjj2ftvckm0000gn/T/quarto-sessionf0bd7e8c/a23dad61/d6eef711/title-block.html from /var/folders/0g/1sx_nfl96lv2rysjj2ftvckm0000gn/T/quarto-sessionf0bd7e8c/a23dad61/d6eef711/title-block.html
[INFO] Loaded /var/folders/0g/1sx_nfl96lv2rysjj2ftvckm0000gn/T/quarto-sessionf0bd7e8c/a23dad61/d6eef711/title-metadata.html from /var/folders/0g/1sx_nfl96lv2rysjj2ftvckm0000gn/T/quarto-sessionf0bd7e8c/a23dad61/d6eef711/title-metadata.html
[INFO] Loaded /var/folders/0g/1sx_nfl96lv2rysjj2ftvckm0000gn/T/quarto-sessionf0bd7e8c/a23dad61/d6eef711/title-block.html from /var/folders/0g/1sx_nfl96lv2rysjj2ftvckm0000gn/T/quarto-sessionf0bd7e8c/a23dad61/d6eef711/title-block.html
[INFO] Loaded /var/folders/0g/1sx_nfl96lv2rysjj2ftvckm0000gn/T/quarto-sessionf0bd7e8c/a23dad61/d6eef711/title-metadata.html from /var/folders/0g/1sx_nfl96lv2rysjj2ftvckm0000gn/T/quarto-sessionf0bd7e8c/a23dad61/d6eef711/title-metadata.html
[INFO] Loaded /var/folders/0g/1sx_nfl96lv2rysjj2ftvckm0000gn/T/quarto-sessionf0bd7e8c/a23dad61/d6eef711/toc.html from /var/folders/0g/1sx_nfl96lv2rysjj2ftvckm0000gn/T/quarto-sessionf0bd7e8c/a23dad61/d6eef711/toc.html
[INFO] Running filter /Applications/quarto/share/filters/main.lua
[33mWARNING: Invalid vertical alignment attribute value: “top”
[39m[INFO] Completed filter /Applications/quarto/share/filters/main.lua in 1865 ms
[INFO] Running filter /Applications/quarto/share/filters/rmarkdown/pagebreak.lua
[INFO] Completed filter /Applications/quarto/share/filters/rmarkdown/pagebreak.lua in 17 ms
Output created: ss2.html

#TOC a[href="#acknowledgments"]
#TOC a[href="#conflicts-of-interest"]
