--> Input Filename: /Users/gjr/Documents-working/1-Projects/1.8-websites/gjolleyrogers.github.io/content/project/writing/Q2.md/Q2.md
--> Modified path: /usr/local/bin:/opt/local/bin:/opt/local/bin:/Users/gjr/.local/bin:/usr/bin:/bin:/usr/sbin:/sbin:/usr/local/bin:/Applications/Scrivener.app/Contents/Resources/MultiMarkdown/bin
--> CrossRef figure details: Label={#fig-elephant .column-body}  | We add the *cross-referencing label* to the **_start_** of the caption. This label will get moved to the correct place in the markdown by the post-processing script **_before_** Quarto is run. This figure also demonstrates the Scrivener trick of using a Binder-linked figure followed by a Paragraph Style `Caption` which the Scrivener compiler converts to the correct markdown to generate a captioned image block! | Elephant1
--> CrossRef figure details: Label={#fig-castle}  | Elephant castle. | Elephant2
--> CrossRef figure details: Label={#fig-trunk}  | Angry elephant with big trunk. | Elephant3
--> CrossRef figure details: Label={#fig-withattributes .myclass fig-align="right" width=3cm height=2cm}  |  This figure uses custom metadata values to identify the class, ID, width and height. The ««A​B»» tag at the start of the caption is replaced with the correct Scrivener placeholders by the compiler; see global replacements for the details… | Elephant3-1
--> CrossRef figure details: Label={#fig-elespan}  | This should span the whole page. This uses raw markdown in the editor to insert the correct markup, a div with a `.column-page` class, for Quarto's layout for extend-to-page-width. | Elephant1-1
--> CrossRef figure details: Label={#fig-elespan3   width= height=}  |  This should span the page to the right in HTML. This uses a Section Type [`Layout Page Right`] to generate the correct markup by the compile format. | Elephant1-2
--> CrossRef figure details: Label={#fig-castle2}  | Elephant. | Elephant2-1
--> CrossRef figure details: Label={#fig-trunk2}  | Angry elephant with big trunk. | Elephant3-2
--> CrossRef figure details: Label={#fig-alignright fig-align="right"}  | This should be right-aligned if there is space… | Elephant3-3
--> Modified File with fixed cross-references: /Users/gjr/Documents-working/1-Projects/1.8-websites/gjolleyrogers.github.io/content/project/writing/Q2.md/Q22.qmd
--> Parsing took: 0.002094s

--> Running Command: quarto render /Users/gjr/Documents-working/1-Projects/1.8-websites/gjolleyrogers.github.io/content/project/writing/Q2.md/Q22.qmd --to hugo-md  -o index.md  --log-level=INFO --verbose
[31m

processing file: Q22.qmd
[39m1/19                   
2/19 [fig-airquality]  
3/19                   
4/19 [tbl-tableKable]  
5/19                   
6/19 [load-packages]   
7/19                   
8/19 [unnamed-chunk-4] 
9/19                   
10/19 [fig-labe3]       
11/19                   
12/19 [fig-label33]     
13/19                   
14/19 [fig-graphviz]    
15/19                   
16/19 [fig-statemachine]
17/19                   
18/19 [unnamed-chunk-9] 
19/19                   
[31moutput file: Q22.knit.md

[39m[1mpandoc -o index.md --verbose[22m
  to: >-
    markdown_strict+raw_html+all_symbols_escapable+backtick_code_blocks+fenced_code_blocks+space_in_atx_header+intraword_underscores+lists_without_preceding_blankline+shortcut_reference_links+autolink_bare_uris+emoji+footnotes+gfm_auto_identifiers+pipe_tables+strikeout+task_lists+tex_math_dollars+yaml_metadata_block+definition_lists+smart
  standalone: true
  default-image-extension: png
  wrap: preserve
  toc: false
  number-sections: true
  dpi: 300
  
[1mmetadata[22m
  title: Untitled
  subtitle: A Compiler Workflow…
  author: Garry Jolley-Rogers
  keywords:
    - pandoc
    - quarto
    - scrivener
  subject: workflow
  lang: en
  date: '2024-01-16'
  verbose: true
  crossref:
    labels: arabic
    subref-labels: alpha A
    chapters: true
  cap-location: bottom
  link-citations: true
  bibliography:
    - /Users/gjr/.local/share/pandoc/Core.json
  csl: /Users/gjr/.local/share/pandoc/csl/apa.csl
  appendix-style: default
  weight: 5
  draft: false
  tags:
    - ecology
    - abundance
    - insects
  categories:
    - projects
    - science
  links:
    - icon: door-open
      icon_pack: fas
      name: website
      url: 'https://allisonhorst.github.io/palmerpenguins/'
    - icon: github
      icon_pack: fab
      name: code
      url: 'https://github.com/allisonhorst/palmerpenguins/'
    - icon: newspaper
      icon_pack: far
      name: Blog post
      url: 'https://education.rstudio.com/blog/2020/07/palmerpenguins-cran/'
  
[INFO] Running filter /Applications/quarto/share/filters/main.lua
[INFO] Completed filter /Applications/quarto/share/filters/main.lua in 1374 ms
[INFO] Running filter citeproc
[INFO] Loaded /Users/gjr/.local/share/pandoc/csl/apa.csl from /Users/gjr/.local/share/pandoc/csl/apa.csl
[INFO] Loaded /Users/gjr/.local/share/pandoc/Core.json from /Users/gjr/.local/share/pandoc/Core.json
[INFO] Completed filter citeproc in 134 ms
[INFO] Running filter /Applications/quarto/share/filters/rmarkdown/pagebreak.lua
[INFO] Completed filter /Applications/quarto/share/filters/rmarkdown/pagebreak.lua in 32 ms
Output created: index.md


There was some problem opening /Users/gjr/Documents-working/1-Projects/1.8-websites/gjolleyrogers.github.io/content/project/writing/Q2.md/Q22.pdf, check compiler log…
